# JRE version: Java(TM) SE Runtime Environment (7.0_80-b15) (build 1.7.0_80-b15)
# Java VM: Java HotSpot(TM) 64-Bit Server VM (24.80-b11 mixed mode windows-amd64 compressed oops)
Heap
 PSYoungGen      total 136192K, used 106524K [0x00000007d6000000, 0x00000007e7900000, 0x0000000800000000)
  eden space 131072K, 77% used [0x00000007d6000000,0x00000007dc30cf48,0x00000007de000000)
  from space 5120K, 99% used [0x00000007de000000,0x00000007de4fa488,0x00000007de500000)
  to   space 12800K, 0% used [0x00000007e6c80000,0x00000007e6c80000,0x00000007e7900000)
 ParOldGen       total 86016K, used 7908K [0x0000000782000000, 0x0000000787400000, 0x00000007d6000000)
  object space 86016K, 9% used [0x0000000782000000,0x00000007827b92d0,0x0000000787400000)
 PSPermGen       total 21504K, used 6940K [0x000000077ce00000, 0x000000077e300000, 0x0000000782000000)
  object space 21504K, 32% used [0x000000077ce00000,0x000000077d4c7348,0x000000077e300000)
GC Heap History (10 events):
Event: 10.955 GC heap before
{Heap before GC invocations=1 (full 0):
 PSYoungGen      total 37888K, used 32768K [0x00000007d6000000, 0x00000007d8a00000, 0x0000000800000000)
  eden space 32768K, 100% used [0x00000007d6000000,0x00000007d8000000,0x00000007d8000000)
  from space 5120K, 0% used [0x00000007d8500000,0x00000007d8500000,0x00000007d8a00000)
  to   space 5120K, 0% used [0x00000007d8000000,0x00000007d8000000,0x00000007d8500000)
 ParOldGen       total 86016K, used 0K [0x0000000782000000, 0x0000000787400000, 0x00000007d6000000)
  object space 86016K, 0% used [0x0000000782000000,0x0000000782000000,0x0000000787400000)
 PSPermGen       total 21504K, used 6824K [0x000000077ce00000, 0x000000077e300000, 0x0000000782000000)
  object space 21504K, 31% used [0x000000077ce00000,0x000000077d4aa378,0x000000077e300000)
Event: 11.143 GC heap after
Heap after GC invocations=1 (full 0):
 PSYoungGen      total 37888K, used 5113K [0x00000007d6000000, 0x00000007daa00000, 0x0000000800000000)
  eden space 32768K, 0% used [0x00000007d6000000,0x00000007d6000000,0x00000007d8000000)
  from space 5120K, 99% used [0x00000007d8000000,0x00000007d84fe478,0x00000007d8500000)
  to   space 5120K, 0% used [0x00000007da500000,0x00000007da500000,0x00000007daa00000)
 ParOldGen       total 86016K, used 7892K [0x0000000782000000, 0x0000000787400000, 0x00000007d6000000)
  object space 86016K, 9% used [0x0000000782000000,0x00000007827b52d0,0x0000000787400000)
 PSPermGen       total 21504K, used 6824K [0x000000077ce00000, 0x000000077e300000, 0x0000000782000000)
  object space 21504K, 31% used [0x000000077ce00000,0x000000077d4aa378,0x000000077e300000)
}
Event: 11.344 GC heap before
{Heap before GC invocations=2 (full 0):
 PSYoungGen      total 37888K, used 37881K [0x00000007d6000000, 0x00000007daa00000, 0x0000000800000000)
  eden space 32768K, 100% used [0x00000007d6000000,0x00000007d8000000,0x00000007d8000000)
  from space 5120K, 99% used [0x00000007d8000000,0x00000007d84fe478,0x00000007d8500000)
  to   space 5120K, 0% used [0x00000007da500000,0x00000007da500000,0x00000007daa00000)
 ParOldGen       total 86016K, used 7892K [0x0000000782000000, 0x0000000787400000, 0x00000007d6000000)
  object space 86016K, 9% used [0x0000000782000000,0x00000007827b52d0,0x0000000787400000)
 PSPermGen       total 21504K, used 6825K [0x000000077ce00000, 0x000000077e300000, 0x0000000782000000)
  object space 21504K, 31% used [0x000000077ce00000,0x000000077d4aa698,0x000000077e300000)
Event: 11.348 GC heap after
Heap after GC invocations=2 (full 0):
 PSYoungGen      total 70656K, used 5113K [0x00000007d6000000, 0x00000007daa00000, 0x0000000800000000)
  eden space 65536K, 0% used [0x00000007d6000000,0x00000007d6000000,0x00000007da000000)
  from space 5120K, 99% used [0x00000007da500000,0x00000007da9fe478,0x00000007daa00000)
  to   space 5120K, 0% used [0x00000007da000000,0x00000007da000000,0x00000007da500000)
 ParOldGen       total 86016K, used 7900K [0x0000000782000000, 0x0000000787400000, 0x00000007d6000000)
  object space 86016K, 9% used [0x0000000782000000,0x00000007827b72d0,0x0000000787400000)
 PSPermGen       total 21504K, used 6825K [0x000000077ce00000, 0x000000077e300000, 0x0000000782000000)
  object space 21504K, 31% used [0x000000077ce00000,0x000000077d4aa698,0x000000077e300000)
}
Event: 12.027 GC heap before
{Heap before GC invocations=3 (full 0):
 PSYoungGen      total 70656K, used 70649K [0x00000007d6000000, 0x00000007daa00000, 0x0000000800000000)
  eden space 65536K, 100% used [0x00000007d6000000,0x00000007da000000,0x00000007da000000)
  from space 5120K, 99% used [0x00000007da500000,0x00000007da9fe478,0x00000007daa00000)
  to   space 5120K, 0% used [0x00000007da000000,0x00000007da000000,0x00000007da500000)
 ParOldGen       total 86016K, used 7900K [0x0000000782000000, 0x0000000787400000, 0x00000007d6000000)
  object space 86016K, 9% used [0x0000000782000000,0x00000007827b72d0,0x0000000787400000)
 PSPermGen       total 21504K, used 6825K [0x000000077ce00000, 0x000000077e300000, 0x0000000782000000)
  object space 21504K, 31% used [0x000000077ce00000,0x000000077d4aa698,0x000000077e300000)
Event: 12.296 GC heap after
Heap after GC invocations=3 (full 0):
 PSYoungGen      total 70656K, used 5113K [0x00000007d6000000, 0x00000007dea00000, 0x0000000800000000)
  eden space 65536K, 0% used [0x00000007d6000000,0x00000007d6000000,0x00000007da000000)
  from space 5120K, 99% used [0x00000007da000000,0x00000007da4fe498,0x00000007da500000)
  to   space 5120K, 0% used [0x00000007de500000,0x00000007de500000,0x00000007dea00000)
 ParOldGen       total 86016K, used 7908K [0x0000000782000000, 0x0000000787400000, 0x00000007d6000000)
  object space 86016K, 9% used [0x0000000782000000,0x00000007827b92d0,0x0000000787400000)
 PSPermGen       total 21504K, used 6825K [0x000000077ce00000, 0x000000077e300000, 0x0000000782000000)
  object space 21504K, 31% used [0x000000077ce00000,0x000000077d4aa698,0x000000077e300000)
}
Event: 12.790 GC heap before
{Heap before GC invocations=4 (full 0):
 PSYoungGen      total 70656K, used 70649K [0x00000007d6000000, 0x00000007dea00000, 0x0000000800000000)
  eden space 65536K, 100% used [0x00000007d6000000,0x00000007da000000,0x00000007da000000)
  from space 5120K, 99% used [0x00000007da000000,0x00000007da4fe498,0x00000007da500000)
  to   space 5120K, 0% used [0x00000007de500000,0x00000007de500000,0x00000007dea00000)
 ParOldGen       total 86016K, used 7908K [0x0000000782000000, 0x0000000787400000, 0x00000007d6000000)
  object space 86016K, 9% used [0x0000000782000000,0x00000007827b92d0,0x0000000787400000)
 PSPermGen       total 21504K, used 6825K [0x000000077ce00000, 0x000000077e300000, 0x0000000782000000)
  object space 21504K, 31% used [0x000000077ce00000,0x000000077d4aa698,0x000000077e300000)
Event: 12.947 GC heap after
Heap after GC invocations=4 (full 0):
 PSYoungGen      total 136192K, used 5093K [0x00000007d6000000, 0x00000007dea00000, 0x0000000800000000)
  eden space 131072K, 0% used [0x00000007d6000000,0x00000007d6000000,0x00000007de000000)
  from space 5120K, 99% used [0x00000007de500000,0x00000007de9f9470,0x00000007dea00000)
  to   space 5120K, 0% used [0x00000007de000000,0x00000007de000000,0x00000007de500000)
 ParOldGen       total 86016K, used 7908K [0x0000000782000000, 0x0000000787400000, 0x00000007d6000000)
  object space 86016K, 9% used [0x0000000782000000,0x00000007827b92d0,0x0000000787400000)
 PSPermGen       total 21504K, used 6825K [0x000000077ce00000, 0x000000077e300000, 0x0000000782000000)
  object space 21504K, 31% used [0x000000077ce00000,0x000000077d4aa698,0x000000077e300000)
}
Event: 14.041 GC heap before
{Heap before GC invocations=5 (full 0):
 PSYoungGen      total 136192K, used 136165K [0x00000007d6000000, 0x00000007dea00000, 0x0000000800000000)
  eden space 131072K, 100% used [0x00000007d6000000,0x00000007de000000,0x00000007de000000)
  from space 5120K, 99% used [0x00000007de500000,0x00000007de9f9470,0x00000007dea00000)
  to   space 5120K, 0% used [0x00000007de000000,0x00000007de000000,0x00000007de500000)
 ParOldGen       total 86016K, used 7908K [0x0000000782000000, 0x0000000787400000, 0x00000007d6000000)
  object space 86016K, 9% used [0x0000000782000000,0x00000007827b92d0,0x0000000787400000)
 PSPermGen       total 21504K, used 6825K [0x000000077ce00000, 0x000000077e300000, 0x0000000782000000)
  object space 21504K, 31% used [0x000000077ce00000,0x000000077d4aa698,0x000000077e300000)
Event: 14.239 GC heap after
Heap after GC invocations=5 (full 0):
 PSYoungGen      total 136192K, used 5097K [0x00000007d6000000, 0x00000007e7900000, 0x0000000800000000)
  eden space 131072K, 0% used [0x00000007d6000000,0x00000007d6000000,0x00000007de000000)
  from space 5120K, 99% used [0x00000007de000000,0x00000007de4fa488,0x00000007de500000)
  to   space 12800K, 0% used [0x00000007e6c80000,0x00000007e6c80000,0x00000007e7900000)
 ParOldGen       total 86016K, used 7908K [0x0000000782000000, 0x0000000787400000, 0x00000007d6000000)
  object space 86016K, 9% used [0x0000000782000000,0x00000007827b92d0,0x0000000787400000)
 PSPermGen       total 21504K, used 6825K [0x000000077ce00000, 0x000000077e300000, 0x0000000782000000)
  object space 21504K, 31% used [0x000000077ce00000,0x000000077d4aa698,0x000000077e300000)
}

