# JRE version: Java(TM) SE Runtime Environment (7.0_80-b15) (build 1.7.0_80-b15)
# Java VM: Java HotSpot(TM) 64-Bit Server VM (24.80-b11 mixed mode windows-amd64 compressed oops)
Heap
 PSYoungGen      total 70656K, used 15812K [0x00000007d6000000, 0x00000007dfa00000, 0x0000000800000000)
  eden space 65536K, 24% used [0x00000007d6000000,0x00000007d6f71280,0x00000007da000000)
  from space 5120K, 0% used [0x00000007da000000,0x00000007da000000,0x00000007da500000)
  to   space 13312K, 0% used [0x00000007ded00000,0x00000007ded00000,0x00000007dfa00000)
 ParOldGen       total 86016K, used 12986K [0x0000000782000000, 0x0000000787400000, 0x00000007d6000000)
  object space 86016K, 15% used [0x0000000782000000,0x0000000782caea78,0x0000000787400000)
 PSPermGen       total 21504K, used 6924K [0x000000077ce00000, 0x000000077e300000, 0x0000000782000000)
  object space 21504K, 32% used [0x000000077ce00000,0x000000077d4c30b8,0x000000077e300000)
GC Heap History (10 events):
Event: 11.531 GC heap before
{Heap before GC invocations=3 (full 0):
 PSYoungGen      total 37888K, used 37885K [0x00000007d6000000, 0x00000007daa00000, 0x0000000800000000)
  eden space 32768K, 100% used [0x00000007d6000000,0x00000007d8000000,0x00000007d8000000)
  from space 5120K, 99% used [0x00000007d8500000,0x00000007d89ff630,0x00000007d8a00000)
  to   space 5120K, 0% used [0x00000007d8000000,0x00000007d8000000,0x00000007d8500000)
 ParOldGen       total 86016K, used 7900K [0x0000000782000000, 0x0000000787400000, 0x00000007d6000000)
  object space 86016K, 9% used [0x0000000782000000,0x00000007827b7370,0x0000000787400000)
 PSPermGen       total 21504K, used 6825K [0x000000077ce00000, 0x000000077e300000, 0x0000000782000000)
  object space 21504K, 31% used [0x000000077ce00000,0x000000077d4aa698,0x000000077e300000)
Event: 11.756 GC heap after
Heap after GC invocations=3 (full 0):
 PSYoungGen      total 37888K, used 5089K [0x00000007d6000000, 0x00000007daa00000, 0x0000000800000000)
  eden space 32768K, 0% used [0x00000007d6000000,0x00000007d6000000,0x00000007d8000000)
  from space 5120K, 99% used [0x00000007d8000000,0x00000007d84f8668,0x00000007d8500000)
  to   space 5120K, 0% used [0x00000007da500000,0x00000007da500000,0x00000007daa00000)
 ParOldGen       total 86016K, used 7916K [0x0000000782000000, 0x0000000787400000, 0x00000007d6000000)
  object space 86016K, 9% used [0x0000000782000000,0x00000007827bb370,0x0000000787400000)
 PSPermGen       total 21504K, used 6825K [0x000000077ce00000, 0x000000077e300000, 0x0000000782000000)
  object space 21504K, 31% used [0x000000077ce00000,0x000000077d4aa698,0x000000077e300000)
}
Event: 12.057 GC heap before
{Heap before GC invocations=4 (full 0):
 PSYoungGen      total 37888K, used 37857K [0x00000007d6000000, 0x00000007daa00000, 0x0000000800000000)
  eden space 32768K, 100% used [0x00000007d6000000,0x00000007d8000000,0x00000007d8000000)
  from space 5120K, 99% used [0x00000007d8000000,0x00000007d84f8668,0x00000007d8500000)
  to   space 5120K, 0% used [0x00000007da500000,0x00000007da500000,0x00000007daa00000)
 ParOldGen       total 86016K, used 7916K [0x0000000782000000, 0x0000000787400000, 0x00000007d6000000)
  object space 86016K, 9% used [0x0000000782000000,0x00000007827bb370,0x0000000787400000)
 PSPermGen       total 21504K, used 6825K [0x000000077ce00000, 0x000000077e300000, 0x0000000782000000)
  object space 21504K, 31% used [0x000000077ce00000,0x000000077d4aa698,0x000000077e300000)
Event: 12.292 GC heap after
Heap after GC invocations=4 (full 0):
 PSYoungGen      total 70656K, used 5089K [0x00000007d6000000, 0x00000007daa00000, 0x0000000800000000)
  eden space 65536K, 0% used [0x00000007d6000000,0x00000007d6000000,0x00000007da000000)
  from space 5120K, 99% used [0x00000007da500000,0x00000007da9f8688,0x00000007daa00000)
  to   space 5120K, 0% used [0x00000007da000000,0x00000007da000000,0x00000007da500000)
 ParOldGen       total 86016K, used 7916K [0x0000000782000000, 0x0000000787400000, 0x00000007d6000000)
  object space 86016K, 9% used [0x0000000782000000,0x00000007827bb370,0x0000000787400000)
 PSPermGen       total 21504K, used 6825K [0x000000077ce00000, 0x000000077e300000, 0x0000000782000000)
  object space 21504K, 31% used [0x000000077ce00000,0x000000077d4aa698,0x000000077e300000)
}
Event: 12.883 GC heap before
{Heap before GC invocations=5 (full 0):
 PSYoungGen      total 70656K, used 70625K [0x00000007d6000000, 0x00000007daa00000, 0x0000000800000000)
  eden space 65536K, 100% used [0x00000007d6000000,0x00000007da000000,0x00000007da000000)
  from space 5120K, 99% used [0x00000007da500000,0x00000007da9f8688,0x00000007daa00000)
  to   space 5120K, 0% used [0x00000007da000000,0x00000007da000000,0x00000007da500000)
 ParOldGen       total 86016K, used 7916K [0x0000000782000000, 0x0000000787400000, 0x00000007d6000000)
  object space 86016K, 9% used [0x0000000782000000,0x00000007827bb370,0x0000000787400000)
 PSPermGen       total 21504K, used 6825K [0x000000077ce00000, 0x000000077e300000, 0x0000000782000000)
  object space 21504K, 31% used [0x000000077ce00000,0x000000077d4aa698,0x000000077e300000)
Event: 13.080 GC heap after
Heap after GC invocations=5 (full 0):
 PSYoungGen      total 70656K, used 5101K [0x00000007d6000000, 0x00000007daa00000, 0x0000000800000000)
  eden space 65536K, 0% used [0x00000007d6000000,0x00000007d6000000,0x00000007da000000)
  from space 5120K, 99% used [0x00000007da000000,0x00000007da4fb620,0x00000007da500000)
  to   space 5120K, 0% used [0x00000007da500000,0x00000007da500000,0x00000007daa00000)
 ParOldGen       total 86016K, used 7916K [0x0000000782000000, 0x0000000787400000, 0x00000007d6000000)
  object space 86016K, 9% used [0x0000000782000000,0x00000007827bb370,0x0000000787400000)
 PSPermGen       total 21504K, used 6825K [0x000000077ce00000, 0x000000077e300000, 0x0000000782000000)
  object space 21504K, 31% used [0x000000077ce00000,0x000000077d4aa698,0x000000077e300000)
}
Event: 13.492 GC heap before
{Heap before GC invocations=6 (full 0):
 PSYoungGen      total 70656K, used 70637K [0x00000007d6000000, 0x00000007daa00000, 0x0000000800000000)
  eden space 65536K, 100% used [0x00000007d6000000,0x00000007da000000,0x00000007da000000)
  from space 5120K, 99% used [0x00000007da000000,0x00000007da4fb620,0x00000007da500000)
  to   space 5120K, 0% used [0x00000007da500000,0x00000007da500000,0x00000007daa00000)
 ParOldGen       total 86016K, used 7916K [0x0000000782000000, 0x0000000787400000, 0x00000007d6000000)
  object space 86016K, 9% used [0x0000000782000000,0x00000007827bb370,0x0000000787400000)
 PSPermGen       total 21504K, used 6825K [0x000000077ce00000, 0x000000077e300000, 0x0000000782000000)
  object space 21504K, 31% used [0x000000077ce00000,0x000000077d4aa698,0x000000077e300000)
Event: 13.603 GC heap after
Heap after GC invocations=6 (full 0):
 PSYoungGen      total 70656K, used 5117K [0x00000007d6000000, 0x00000007daa00000, 0x0000000800000000)
  eden space 65536K, 0% used [0x00000007d6000000,0x00000007d6000000,0x00000007da000000)
  from space 5120K, 99% used [0x00000007da500000,0x00000007da9ff630,0x00000007daa00000)
  to   space 5120K, 0% used [0x00000007da000000,0x00000007da000000,0x00000007da500000)
 ParOldGen       total 86016K, used 7916K [0x0000000782000000, 0x0000000787400000, 0x00000007d6000000)
  object space 86016K, 9% used [0x0000000782000000,0x00000007827bb370,0x0000000787400000)
 PSPermGen       total 21504K, used 6825K [0x000000077ce00000, 0x000000077e300000, 0x0000000782000000)
  object space 21504K, 31% used [0x000000077ce00000,0x000000077d4aa698,0x000000077e300000)
}
Event: 14.066 GC heap before
{Heap before GC invocations=7 (full 0):
 PSYoungGen      total 70656K, used 70653K [0x00000007d6000000, 0x00000007daa00000, 0x0000000800000000)
  eden space 65536K, 100% used [0x00000007d6000000,0x00000007da000000,0x00000007da000000)
  from space 5120K, 99% used [0x00000007da500000,0x00000007da9ff630,0x00000007daa00000)
  to   space 5120K, 0% used [0x00000007da000000,0x00000007da000000,0x00000007da500000)
 ParOldGen       total 86016K, used 7916K [0x0000000782000000, 0x0000000787400000, 0x00000007d6000000)
  object space 86016K, 9% used [0x0000000782000000,0x00000007827bb370,0x0000000787400000)
 PSPermGen       total 21504K, used 6825K [0x000000077ce00000, 0x000000077e300000, 0x0000000782000000)
  object space 21504K, 31% used [0x000000077ce00000,0x000000077d4aa698,0x000000077e300000)
Event: 14.211 GC heap after
Heap after GC invocations=7 (full 0):
 PSYoungGen      total 70656K, used 0K [0x00000007d6000000, 0x00000007dfa00000, 0x0000000800000000)
  eden space 65536K, 0% used [0x00000007d6000000,0x00000007d6000000,0x00000007da000000)
  from space 5120K, 0% used [0x00000007da000000,0x00000007da000000,0x00000007da500000)
  to   space 13312K, 0% used [0x00000007ded00000,0x00000007ded00000,0x00000007dfa00000)
 ParOldGen       total 86016K, used 12986K [0x0000000782000000, 0x0000000787400000, 0x00000007d6000000)
  object space 86016K, 15% used [0x0000000782000000,0x0000000782caea78,0x0000000787400000)
 PSPermGen       total 21504K, used 6825K [0x000000077ce00000, 0x000000077e300000, 0x0000000782000000)
  object space 21504K, 31% used [0x000000077ce00000,0x000000077d4aa698,0x000000077e300000)
}

