# JRE version: Java(TM) SE Runtime Environment (7.0_80-b15) (build 1.7.0_80-b15)
# Java VM: Java HotSpot(TM) 64-Bit Server VM (24.80-b11 mixed mode windows-amd64 compressed oops)
Heap
 PSYoungGen      total 64512K, used 43061K [0x00000007d6000000, 0x00000007dac00000, 0x0000000800000000)
  eden space 51200K, 84% used [0x00000007d6000000,0x00000007d8a0d688,0x00000007d9200000)
  from space 13312K, 0% used [0x00000007d9200000,0x00000007d9200000,0x00000007d9f00000)
  to   space 13312K, 0% used [0x00000007d9f00000,0x00000007d9f00000,0x00000007dac00000)
 ParOldGen       total 86016K, used 12974K [0x0000000782000000, 0x0000000787400000, 0x00000007d6000000)
  object space 86016K, 15% used [0x0000000782000000,0x0000000782caba68,0x0000000787400000)
 PSPermGen       total 21504K, used 6877K [0x000000077ce00000, 0x000000077e300000, 0x0000000782000000)
  object space 21504K, 31% used [0x000000077ce00000,0x000000077d4b7728,0x000000077e300000)
GC Heap History (10 events):
Event: 21.250 GC heap before
{Heap before GC invocations=5 (full 0):
 PSYoungGen      total 37888K, used 37852K [0x00000007d6000000, 0x00000007d8a00000, 0x0000000800000000)
  eden space 32768K, 100% used [0x00000007d6000000,0x00000007d8000000,0x00000007d8000000)
  from space 5120K, 99% used [0x00000007d8500000,0x00000007d89f7250,0x00000007d8a00000)
  to   space 5120K, 0% used [0x00000007d8000000,0x00000007d8000000,0x00000007d8500000)
 ParOldGen       total 86016K, used 7909K [0x0000000782000000, 0x0000000787400000, 0x00000007d6000000)
  object space 86016K, 9% used [0x0000000782000000,0x00000007827b9760,0x0000000787400000)
 PSPermGen       total 21504K, used 6809K [0x000000077ce00000, 0x000000077e300000, 0x0000000782000000)
  object space 21504K, 31% used [0x000000077ce00000,0x000000077d4a66b8,0x000000077e300000)
Event: 21.488 GC heap after
Heap after GC invocations=5 (full 0):
 PSYoungGen      total 37888K, used 5088K [0x00000007d6000000, 0x00000007d8a00000, 0x0000000800000000)
  eden space 32768K, 0% used [0x00000007d6000000,0x00000007d6000000,0x00000007d8000000)
  from space 5120K, 99% used [0x00000007d8000000,0x00000007d84f8268,0x00000007d8500000)
  to   space 5120K, 0% used [0x00000007d8500000,0x00000007d8500000,0x00000007d8a00000)
 ParOldGen       total 86016K, used 7909K [0x0000000782000000, 0x0000000787400000, 0x00000007d6000000)
  object space 86016K, 9% used [0x0000000782000000,0x00000007827b9760,0x0000000787400000)
 PSPermGen       total 21504K, used 6809K [0x000000077ce00000, 0x000000077e300000, 0x0000000782000000)
  object space 21504K, 31% used [0x000000077ce00000,0x000000077d4a66b8,0x000000077e300000)
}
Event: 21.773 GC heap before
{Heap before GC invocations=6 (full 0):
 PSYoungGen      total 37888K, used 37856K [0x00000007d6000000, 0x00000007d8a00000, 0x0000000800000000)
  eden space 32768K, 100% used [0x00000007d6000000,0x00000007d8000000,0x00000007d8000000)
  from space 5120K, 99% used [0x00000007d8000000,0x00000007d84f8268,0x00000007d8500000)
  to   space 5120K, 0% used [0x00000007d8500000,0x00000007d8500000,0x00000007d8a00000)
 ParOldGen       total 86016K, used 7909K [0x0000000782000000, 0x0000000787400000, 0x00000007d6000000)
  object space 86016K, 9% used [0x0000000782000000,0x00000007827b9760,0x0000000787400000)
 PSPermGen       total 21504K, used 6809K [0x000000077ce00000, 0x000000077e300000, 0x0000000782000000)
  object space 21504K, 31% used [0x000000077ce00000,0x000000077d4a66b8,0x000000077e300000)
Event: 21.898 GC heap after
Heap after GC invocations=6 (full 0):
 PSYoungGen      total 30720K, used 5084K [0x00000007d6000000, 0x00000007db800000, 0x0000000800000000)
  eden space 25600K, 0% used [0x00000007d6000000,0x00000007d6000000,0x00000007d7900000)
  from space 5120K, 99% used [0x00000007d8500000,0x00000007d89f7250,0x00000007d8a00000)
  to   space 12288K, 0% used [0x00000007d7900000,0x00000007d7900000,0x00000007d8500000)
 ParOldGen       total 86016K, used 7917K [0x0000000782000000, 0x0000000787400000, 0x00000007d6000000)
  object space 86016K, 9% used [0x0000000782000000,0x00000007827bb760,0x0000000787400000)
 PSPermGen       total 21504K, used 6809K [0x000000077ce00000, 0x000000077e300000, 0x0000000782000000)
  object space 21504K, 31% used [0x000000077ce00000,0x000000077d4a66b8,0x000000077e300000)
}
Event: 21.930 GC heap before
{Heap before GC invocations=7 (full 0):
 PSYoungGen      total 30720K, used 30684K [0x00000007d6000000, 0x00000007db800000, 0x0000000800000000)
  eden space 25600K, 100% used [0x00000007d6000000,0x00000007d7900000,0x00000007d7900000)
  from space 5120K, 99% used [0x00000007d8500000,0x00000007d89f7250,0x00000007d8a00000)
  to   space 12288K, 0% used [0x00000007d7900000,0x00000007d7900000,0x00000007d8500000)
 ParOldGen       total 86016K, used 7917K [0x0000000782000000, 0x0000000787400000, 0x00000007d6000000)
  object space 86016K, 9% used [0x0000000782000000,0x00000007827bb760,0x0000000787400000)
 PSPermGen       total 21504K, used 6809K [0x000000077ce00000, 0x000000077e300000, 0x0000000782000000)
  object space 21504K, 31% used [0x000000077ce00000,0x000000077d4a66b8,0x000000077e300000)
Event: 22.143 GC heap after
Heap after GC invocations=7 (full 0):
 PSYoungGen      total 37888K, used 0K [0x00000007d6000000, 0x00000007dac00000, 0x0000000800000000)
  eden space 25600K, 0% used [0x00000007d6000000,0x00000007d6000000,0x00000007d7900000)
  from space 12288K, 0% used [0x00000007d7900000,0x00000007d7900000,0x00000007d8500000)
  to   space 13312K, 0% used [0x00000007d9f00000,0x00000007d9f00000,0x00000007dac00000)
 ParOldGen       total 86016K, used 12974K [0x0000000782000000, 0x0000000787400000, 0x00000007d6000000)
  object space 86016K, 15% used [0x0000000782000000,0x0000000782caba68,0x0000000787400000)
 PSPermGen       total 21504K, used 6809K [0x000000077ce00000, 0x000000077e300000, 0x0000000782000000)
  object space 21504K, 31% used [0x000000077ce00000,0x000000077d4a66b8,0x000000077e300000)
}
Event: 22.179 GC heap before
{Heap before GC invocations=8 (full 0):
 PSYoungGen      total 37888K, used 25600K [0x00000007d6000000, 0x00000007dac00000, 0x0000000800000000)
  eden space 25600K, 100% used [0x00000007d6000000,0x00000007d7900000,0x00000007d7900000)
  from space 12288K, 0% used [0x00000007d7900000,0x00000007d7900000,0x00000007d8500000)
  to   space 13312K, 0% used [0x00000007d9f00000,0x00000007d9f00000,0x00000007dac00000)
 ParOldGen       total 86016K, used 12974K [0x0000000782000000, 0x0000000787400000, 0x00000007d6000000)
  object space 86016K, 15% used [0x0000000782000000,0x0000000782caba68,0x0000000787400000)
 PSPermGen       total 21504K, used 6809K [0x000000077ce00000, 0x000000077e300000, 0x0000000782000000)
  object space 21504K, 31% used [0x000000077ce00000,0x000000077d4a66b8,0x000000077e300000)
Event: 22.348 GC heap after
Heap after GC invocations=8 (full 0):
 PSYoungGen      total 64512K, used 32K [0x00000007d6000000, 0x00000007dac00000, 0x0000000800000000)
  eden space 51200K, 0% used [0x00000007d6000000,0x00000007d6000000,0x00000007d9200000)
  from space 13312K, 0% used [0x00000007d9f00000,0x00000007d9f08000,0x00000007dac00000)
  to   space 13312K, 0% used [0x00000007d9200000,0x00000007d9200000,0x00000007d9f00000)
 ParOldGen       total 86016K, used 12974K [0x0000000782000000, 0x0000000787400000, 0x00000007d6000000)
  object space 86016K, 15% used [0x0000000782000000,0x0000000782caba68,0x0000000787400000)
 PSPermGen       total 21504K, used 6809K [0x000000077ce00000, 0x000000077e300000, 0x0000000782000000)
  object space 21504K, 31% used [0x000000077ce00000,0x000000077d4a66b8,0x000000077e300000)
}
Event: 22.935 GC heap before
{Heap before GC invocations=9 (full 0):
 PSYoungGen      total 64512K, used 51232K [0x00000007d6000000, 0x00000007dac00000, 0x0000000800000000)
  eden space 51200K, 100% used [0x00000007d6000000,0x00000007d9200000,0x00000007d9200000)
  from space 13312K, 0% used [0x00000007d9f00000,0x00000007d9f08000,0x00000007dac00000)
  to   space 13312K, 0% used [0x00000007d9200000,0x00000007d9200000,0x00000007d9f00000)
 ParOldGen       total 86016K, used 12974K [0x0000000782000000, 0x0000000787400000, 0x00000007d6000000)
  object space 86016K, 15% used [0x0000000782000000,0x0000000782caba68,0x0000000787400000)
 PSPermGen       total 21504K, used 6809K [0x000000077ce00000, 0x000000077e300000, 0x0000000782000000)
  object space 21504K, 31% used [0x000000077ce00000,0x000000077d4a66b8,0x000000077e300000)
Event: 23.208 GC heap after
Heap after GC invocations=9 (full 0):
 PSYoungGen      total 64512K, used 0K [0x00000007d6000000, 0x00000007dac00000, 0x0000000800000000)
  eden space 51200K, 0% used [0x00000007d6000000,0x00000007d6000000,0x00000007d9200000)
  from space 13312K, 0% used [0x00000007d9200000,0x00000007d9200000,0x00000007d9f00000)
  to   space 13312K, 0% used [0x00000007d9f00000,0x00000007d9f00000,0x00000007dac00000)
 ParOldGen       total 86016K, used 12974K [0x0000000782000000, 0x0000000787400000, 0x00000007d6000000)
  object space 86016K, 15% used [0x0000000782000000,0x0000000782caba68,0x0000000787400000)
 PSPermGen       total 21504K, used 6809K [0x000000077ce00000, 0x000000077e300000, 0x0000000782000000)
  object space 21504K, 31% used [0x000000077ce00000,0x000000077d4a66b8,0x000000077e300000)
}

